<?xml version="1.0" encoding="UTF-8"?>
<testsuite name="com.carmona.admin.catalog.application.UseCaseTest" tests="1" skipped="0" failures="0" errors="0" timestamp="2022-06-30T23:23:44" hostname="DESKTOP-Q4RSIFK" time="0.01">
  <properties/>
  <testcase name="testCreateUseCase()" classname="com.carmona.admin.catalog.application.UseCaseTest" time="0.01"/>
  <system-out><![CDATA[]]></system-out>
  <system-err><![CDATA[]]></system-err>
</testsuite>
