<?xml version="1.0" encoding="UTF-8"?>
<testsuite name="com.carmona.admin.catalog.infrastructure.MainTest" tests="1" skipped="0" failures="0" errors="0" timestamp="2022-06-30T23:23:45" hostname="DESKTOP-Q4RSIFK" time="0.011">
  <properties/>
  <testcase name="testMain()" classname="com.carmona.admin.catalog.infrastructure.MainTest" time="0.011"/>
  <system-out><![CDATA[Hello world!
]]></system-out>
  <system-err><![CDATA[]]></system-err>
</testsuite>
