<?xml version="1.0" encoding="UTF-8"?>
<testsuite name="com.carmona.admin.catalog.domain.category.CategoryTest" tests="1" skipped="0" failures="0" errors="0" timestamp="2022-07-01T01:18:48" hostname="DESKTOP-Q4RSIFK" time="0.013">
  <properties/>
  <testcase name="givenAValidCategory_whenCallUpdateWithInvalidParams_thenReturnCategoryUpdated()" classname="com.carmona.admin.catalog.domain.category.CategoryTest" time="0.013"/>
  <system-out><![CDATA[]]></system-out>
  <system-err><![CDATA[]]></system-err>
</testsuite>
